-------------------------------------------------------------------------------
>Log Session: Friday, July 17, 2015 10:26:37 PM WIB
>System Info: 
  Product Version         = platform 201403101706
  Operating System        = Linux version 3.13.0-32-generic running on i386
  Java; VM; Vendor        = 1.8.0_25; Java HotSpot(TM) Server VM 25.25-b02; Oracle Corporation
  Runtime                 = Java(TM) SE Runtime Environment 1.8.0_25-b17
  Java Home               = /home/timotius/jdk1.8.0_25/jre
  System Locale; Encoding = en_US (platform); UTF-8
  Home Directory          = /home/timotius
  Current Directory       = /home/timotius/Desktop/openshift/platform/application
  User Directory          = /home/timotius/Desktop/openshift/platform/application/target/userdir
  Cache Directory         = /home/timotius/Desktop/openshift/platform/application/target/userdir/var/cache
  Installation            = /home/timotius/Desktop/openshift/platform/application/target/platform/etc
                            /home/timotius/Desktop/openshift/platform/application/target/platform/bin
                            /home/timotius/Desktop/openshift/platform/application/target/platform/platform
                            /home/timotius/Desktop/openshift/platform/application/target/platform/platform
  Boot & Ext. Classpath   = /home/timotius/jdk1.8.0_25/jre/lib/resources.jar:/home/timotius/jdk1.8.0_25/jre/lib/rt.jar:/home/timotius/jdk1.8.0_25/jre/lib/sunrsasign.jar:/home/timotius/jdk1.8.0_25/jre/lib/jsse.jar:/home/timotius/jdk1.8.0_25/jre/lib/jce.jar:/home/timotius/jdk1.8.0_25/jre/lib/charsets.jar:/home/timotius/jdk1.8.0_25/jre/lib/jfr.jar:/home/timotius/jdk1.8.0_25/jre/classes:/home/timotius/jdk1.8.0_25/jre/lib/ext/zipfs.jar:/home/timotius/jdk1.8.0_25/jre/lib/ext/sunec.jar:/home/timotius/jdk1.8.0_25/jre/lib/ext/localedata.jar:/home/timotius/jdk1.8.0_25/jre/lib/ext/sunpkcs11.jar:/home/timotius/jdk1.8.0_25/jre/lib/ext/cldrdata.jar:/home/timotius/jdk1.8.0_25/jre/lib/ext/sunjce_provider.jar:/home/timotius/jdk1.8.0_25/jre/lib/ext/jfxrt.jar:/home/timotius/jdk1.8.0_25/jre/lib/ext/dnsns.jar:/home/timotius/jdk1.8.0_25/jre/lib/ext/nashorn.jar
  Application Classpath   = /home/timotius/Desktop/openshift/platform/application/target/platform/platform/lib/boot.jar:/home/timotius/Desktop/openshift/platform/application/target/platform/platform/lib/org-openide-modules.jar:/home/timotius/Desktop/openshift/platform/application/target/platform/platform/lib/org-openide-util.jar:/home/timotius/Desktop/openshift/platform/application/target/platform/platform/lib/org-openide-util-lookup.jar:/home/timotius/Desktop/openshift/platform/application/target/platform/platform/lib/locale/boot_ja.jar:/home/timotius/Desktop/openshift/platform/application/target/platform/platform/lib/locale/boot_pt_BR.jar:/home/timotius/Desktop/openshift/platform/application/target/platform/platform/lib/locale/boot_ru.jar:/home/timotius/Desktop/openshift/platform/application/target/platform/platform/lib/locale/boot_zh_CN.jar:/home/timotius/Desktop/openshift/platform/application/target/platform/platform/lib/locale/org-openide-modules_ja.jar:/home/timotius/Desktop/openshift/platform/application/target/platform/platform/lib/locale/org-openide-modules_pt_BR.jar:/home/timotius/Desktop/openshift/platform/application/target/platform/platform/lib/locale/org-openide-modules_ru.jar:/home/timotius/Desktop/openshift/platform/application/target/platform/platform/lib/locale/org-openide-modules_zh_CN.jar:/home/timotius/Desktop/openshift/platform/application/target/platform/platform/lib/locale/org-openide-util_ja.jar:/home/timotius/Desktop/openshift/platform/application/target/platform/platform/lib/locale/org-openide-util-lookup_ja.jar:/home/timotius/Desktop/openshift/platform/application/target/platform/platform/lib/locale/org-openide-util-lookup_pt_BR.jar:/home/timotius/Desktop/openshift/platform/application/target/platform/platform/lib/locale/org-openide-util-lookup_ru.jar:/home/timotius/Desktop/openshift/platform/application/target/platform/platform/lib/locale/org-openide-util-lookup_zh_CN.jar:/home/timotius/Desktop/openshift/platform/application/target/platform/platform/lib/locale/org-openide-util_pt_BR.jar:/home/timotius/Desktop/openshift/platform/application/target/platform/platform/lib/locale/org-openide-util_ru.jar:/home/timotius/Desktop/openshift/platform/application/target/platform/platform/lib/locale/org-openide-util_zh_CN.jar:/home/timotius/jdk1.8.0_25/lib/dt.jar:/home/timotius/jdk1.8.0_25/lib/tools.jar
  Startup Classpath       = /home/timotius/Desktop/openshift/platform/application/target/platform/platform/core/core.jar:/home/timotius/Desktop/openshift/platform/application/target/platform/platform/core/org-openide-filesystems.jar:/home/timotius/Desktop/openshift/platform/application/target/platform/platform/core/locale/org-openide-filesystems_ru.jar:/home/timotius/Desktop/openshift/platform/application/target/platform/platform/core/locale/org-openide-filesystems_pt_BR.jar:/home/timotius/Desktop/openshift/platform/application/target/platform/platform/core/locale/core_ru.jar:/home/timotius/Desktop/openshift/platform/application/target/platform/platform/core/locale/core_ja.jar:/home/timotius/Desktop/openshift/platform/application/target/platform/platform/core/locale/core_pt_BR.jar:/home/timotius/Desktop/openshift/platform/application/target/platform/platform/core/locale/org-openide-filesystems_ja.jar:/home/timotius/Desktop/openshift/platform/application/target/platform/platform/core/locale/core_platform.jar:/home/timotius/Desktop/openshift/platform/application/target/platform/platform/core/locale/core_zh_CN.jar:/home/timotius/Desktop/openshift/platform/application/target/platform/platform/core/locale/org-openide-filesystems_zh_CN.jar
-------------------------------------------------------------------------------
INFO [org.netbeans.core.startup.NbEvents]: Module patch or custom extension: /home/timotius/Desktop/openshift/platform/api/target/classes
INFO [org.netbeans.core.startup.NbEvents]: Module patch or custom extension: /home/timotius/Desktop/openshift/platform/ui/target/classes
INFO [org.netbeans.core.startup.NbEvents]: Module patch or custom extension: /home/timotius/Desktop/openshift/platform/branding/target/classes
INFO [org.netbeans.core.startup.NbEvents]: Module patch or custom extension: /home/timotius/Desktop/openshift/platform/login/target/classes
WARNING [org.netbeans.modules.autoupdate.ui.actions.AutoupdateSettings]: The property "netbeans.default_userdir_root" was not set!
INFO [org.netbeans.core.startup.NbEvents]: Turning on modules:
	org.openide.util.lookup [8.24.1 201403101706]
	org.openide.util [8.37.1 201403101706]
	org.openide.modules [7.42.1 201403101706]
	org.netbeans.api.annotations.common/1 [1.23.1 201403101706]
	org.openide.filesystems [8.10.1 201403101706]
	org.openide.awt [7.61.1 201403101706]
	org.netbeans.api.progress/1 [1.37.1 201403101706]
	org.openide.dialogs [7.36.1 201403101706]
	org.openide.nodes [7.38.1 201403101706]
	org.openide.windows [6.70.1 201403101706]
	org.netbeans.modules.editor.mimelookup/1 [1.35.1 201403101706]
	org.openide.text [6.61.1 201403101706]
	org.netbeans.swing.tabcontrol [1.50.1 201403101706]
	org.netbeans.swing.outline [1.29.1 201403101706]
	org.openide.explorer [6.56.1 201403101706]
	org.openide.actions [6.34.1 201403101706]
	org.netbeans.modules.queries/1 [1.38.1 201403101706]
	org.openide.loaders [7.56.2 201403101706]
	org.openide.io [1.44.1 201403101706]
	org.netbeans.swing.plaf [1.36.1 201403101706]
	org.netbeans.spi.quicksearch [1.22.1 201403101706]
	org.netbeans.modules.templates/1 [1.2.1 201403101706]
	org.netbeans.bootstrap/1 [2.67.1 201403101706]
	org.netbeans.core.startup/1 [1.53.1 201403101706]
	org.netbeans.modules.settings/1 [1.44.1 201403101706]
	org.netbeans.modules.sendopts/2 [2.30.1 201403101706]
	org.netbeans.modules.sampler [1.9.1 201403101706]
	org.netbeans.modules.progress.ui [1.28.1 201403101706]
	org.netbeans.modules.print [7.21.1 201403101706]
	org.netbeans.modules.keyring [1.19.1 201403101706]
	org.netbeans.core/2 [3.45.1 201403101706]
	org.netbeans.modules.options.api/1 [1.39.1 201403101706]
	org.netbeans.modules.options.keymap [1.30.1 201403101706]
	org.netbeans.modules.masterfs/2 [2.46.1 201403101706]
	org.netbeans.modules.masterfs.nio2 [1.11.1 201403101706]
	org.netbeans.libs.jna/1 [1.35.1 201403101706]
	org.netbeans.modules.masterfs.linux [1.9.1 201403101706]
	org.netbeans.modules.keyring.fallback [1.3.1 201403101706]
	org.netbeans.modules.keyring.impl [1.18.1 201403101706]
	org.netbeans.modules.favorites/1 [1.39.1 201403101706]
	org.netbeans.modules.editor.mimelookup.impl/1 [1.26.1 201403101706]
	org.netbeans.modules.autoupdate.services [1.45.1 201403101706]
	org.netbeans.modules.autoupdate.cli [1.8.1 201403101706]
	org.netbeans.core.windows/2 [2.75.1 201403101706]
	org.netbeans.core.ui/1 [1.40.1 201403101706]
	org.netbeans.libs.osgi [1.17.1 201403101706]
	org.netbeans.libs.felix [2.11.1 201403101706]
	org.netbeans.modules.autoupdate.ui [1.40.1 201403101706]
	org.netbeans.modules.core.kit [1.25.1 201403101706]
	org.netbeans.libs.jna.platform/1 [1.5.1 201403101706]
	org.netbeans.core.output2/1 [1.36.1 201403101706]
	org.netbeans.core.network [1.4.1 201403101706]
	org.netbeans.core.netigso [1.26.1 201403101706]
	org.netbeans.core.nativeaccess/1 [1.26.1 201403101706]
	org.netbeans.core.multitabs/1 [1.7.1.1 1 201403101706]
	org.netbeans.core.io.ui/1 [1.25.1 201403101706]
	com.whitesheep.api [1.0 1.0-20150717 201507171436]
	com.whitesheep.ui [1.0 1.0-20150717 201507171526]
	com.whitesheep.platform.branding [1.0 1.0-20150717 201507171436]
	com.whitesheep.login [1.0 1.0-20150717 201507171519]
Cannot initialize GTK colors - using hardcoded defaults: java.lang.NoSuchMethodException: javax.swing.plaf.synth.SynthContext.getContext(java.lang.Class, javax.swing.JComponent, javax.swing.plaf.synth.Region, javax.swing.plaf.synth.SynthStyle, int)
INFO [org.netbeans.core.network.proxy.NetworkProxyReloader]: System network proxy resolver: Gnome
INFO [org.netbeans.core.network.proxy.gnome.GsettingsNetworkProxy]: GSettings system proxy resolver: direct connection
INFO [org.netbeans.core.network.proxy.NetworkProxyReloader]: System network proxy reloading succeeded.
INFO [org.netbeans.core.network.proxy.NetworkProxyReloader]: System network proxy - mode: direct
INFO [org.netbeans.core.network.proxy.NetworkProxyReloader]: System network proxy: fell to default (correct if direct mode went before)
INFO [org.netbeans.ui.metrics.laf]: USG_LOOK_AND_FEEL
Diagnostic information
Input arguments:
	-Djdk.home=/home/timotius/jdk1.8.0_25
	-Dnetbeans.running.environment=gnome
	-Dnetbeans.dirs=/home/timotius/Desktop/openshift/platform/application/target/platform/etc:/home/timotius/Desktop/openshift/platform/application/target/platform/bin:/home/timotius/Desktop/openshift/platform/application/target/platform/platform:
	-Dnetbeans.home=/home/timotius/Desktop/openshift/platform/application/target/platform/platform
	-Xms24m
	-Xmx64m
	-Dnetbeans.logger.console=true
	-ea
	-Dnetbeans.patches.com.whitesheep.api=/home/timotius/Desktop/openshift/platform/api/target/classes
	-Dnetbeans.patches.com.whitesheep.platform.branding=/home/timotius/Desktop/openshift/platform/branding/target/classes
	-Dnetbeans.patches.com.whitesheep.ui=/home/timotius/Desktop/openshift/platform/ui/target/classes
	-Dnetbeans.patches.com.whitesheep.login=/home/timotius/Desktop/openshift/platform/login/target/classes
	-XX:+HeapDumpOnOutOfMemoryError
	-XX:HeapDumpPath=/home/timotius/Desktop/openshift/platform/application/target/userdir/var/log/heapdump.hprof
Compiler: HotSpot Tiered Compilers
Heap memory usage: initial 24.0MB maximum 57.0MB
Non heap memory usage: initial 2.2MB maximum -1b
Garbage collector: PS Scavenge (Collections=18 Total time spent=0s)
Garbage collector: PS MarkSweep (Collections=2 Total time spent=0s)
Classes: loaded=5942 total loaded=5943 unloaded 1
INFO [org.netbeans.core.ui.warmup.DiagnosticTask]: Total memory 8,375,214,080
INFO [null]: Total physical memory 8,375,214,080
WARNING [org.openide.filesystems.Ordering]: Not all children in Menu/Window/ marked with the position attribute: [com-whitesheep-platform-ui-AnimalTopComponent.shadow], but some are: [org-netbeans-modules-favorites-View.shadow, org-netbeans-core-io-ui-IOWindowAction.shadow, SwitchToRecentDocumentAction.shadow, Web, Tools, Separator3.instance, ConfigureWindow, org-netbeans-core-windows-actions-ResetWindowsAction.shadow, Separator4.instance, CloseWindowAction.shadow, CloseAllDocumentsAction.shadow, CloseAllButThisAction.shadow, GroupsMenuAction.shadow, DocumentsAction.shadow]
WARNING [org.netbeans.TopSecurityManager]: use of system property netbeans.home has been obsoleted in favor of InstalledFileLocator/Places at org.netbeans.Clusters.relativeDirsWithHome(Clusters.java:137)
